[2018-03-14 07:33:52.386] [sharedprocess] [info] main {"machineId":"7debafde872fbe1e836c81997964957c503609278be6f1642d0ad9f9f454cad1"}
[2018-03-14 07:33:52.411] [sharedprocess] [info] Scanned user extensions: 0
[2018-03-14 07:33:52.444] [sharedprocess] [info] Scanned system extensions: 65
[2018-03-14 07:33:53.553] [sharedprocess] [info] Scanned user extensions: 0
[2018-03-14 07:33:53.555] [sharedprocess] [info] Scanned user extensions: 0
[2018-03-14 07:33:53.556] [sharedprocess] [info] Scanned user extensions: 0
[2018-03-14 07:33:53.609] [sharedprocess] [info] Scanned system extensions: 65
[2018-03-14 07:33:53.611] [sharedprocess] [info] Scanned system extensions: 65
[2018-03-14 07:33:56.886] [sharedprocess] [info] Scanned user extensions: 0
[2018-03-14 07:34:05.506] [sharedprocess] [info] Scanned user extensions: 0
[2018-03-14 07:34:05.508] [sharedprocess] [info] Scanned user extensions: 0
[2018-03-14 07:34:05.511] [sharedprocess] [info] Scanned user extensions: 0
[2018-03-14 07:34:05.538] [sharedprocess] [info] Scanned system extensions: 65
[2018-03-14 07:34:05.540] [sharedprocess] [info] Scanned system extensions: 65
[2018-03-14 07:34:13.856] [sharedprocess] [info] Installing extension: cquery
[2018-03-14 07:34:23.442] [sharedprocess] [info] Downloaded extension: cquery
[2018-03-14 07:34:24.842] [sharedprocess] [info] Extracted extension to /home/cormacc/.vscode/extensions/cquery-project.cquery-0.0.9: cquery-project.cquery-0.0.9
[2018-03-14 07:34:24.867] [sharedprocess] [info] Updated metadata of the extension: cquery-project.cquery-0.0.9
[2018-03-14 07:34:24.867] [sharedprocess] [info] Extensions installed successfully: cquery-project.cquery
[2018-03-14 07:34:25.002] [sharedprocess] [info] Scanned user extensions: 1
[2018-03-14 07:34:25.024] [sharedprocess] [info] Scanned system extensions: 65
[2018-03-14 07:34:32.393] [sharedprocess] [info] Starting to clean up unused language packs.
[2018-03-14 07:38:56.901] [sharedprocess] [info] Scanned user extensions: 1
[2018-03-14 07:43:56.911] [sharedprocess] [info] Scanned user extensions: 1
[2018-03-14 07:48:56.924] [sharedprocess] [info] Scanned user extensions: 1
[2018-03-14 07:53:56.937] [sharedprocess] [info] Scanned user extensions: 1
[2018-03-14 07:58:56.950] [sharedprocess] [info] Scanned user extensions: 1
[2018-03-14 08:03:56.959] [sharedprocess] [info] Scanned user extensions: 1
[2018-03-14 08:08:56.975] [sharedprocess] [info] Scanned user extensions: 1
[2018-03-14 08:13:56.991] [sharedprocess] [info] Scanned user extensions: 1
[2018-03-14 08:18:57.006] [sharedprocess] [info] Scanned user extensions: 1
[2018-03-14 08:23:57.019] [sharedprocess] [info] Scanned user extensions: 1
[2018-03-14 08:28:57.034] [sharedprocess] [info] Scanned user extensions: 1
[2018-03-14 08:33:57.434] [sharedprocess] [info] Scanned user extensions: 1
[2018-03-14 08:38:57.447] [sharedprocess] [info] Scanned user extensions: 1
[2018-03-14 08:43:57.461] [sharedprocess] [info] Scanned user extensions: 1
[2018-03-14 08:48:57.475] [sharedprocess] [info] Scanned user extensions: 1
[2018-03-14 08:53:57.485] [sharedprocess] [info] Scanned user extensions: 1
[2018-03-14 08:58:57.498] [sharedprocess] [info] Scanned user extensions: 1
[2018-03-14 09:03:57.510] [sharedprocess] [info] Scanned user extensions: 1
[2018-03-14 09:08:57.523] [sharedprocess] [info] Scanned user extensions: 1
[2018-03-14 09:13:57.537] [sharedprocess] [info] Scanned user extensions: 1
[2018-03-14 09:18:57.550] [sharedprocess] [info] Scanned user extensions: 1
[2018-03-14 09:23:57.563] [sharedprocess] [info] Scanned user extensions: 1
[2018-03-14 09:28:57.577] [sharedprocess] [info] Scanned user extensions: 1
